<?xml version="1.0" encoding="UTF-8"?>
<!-- Generated by org.testng.reporters.JUnitReportReporter -->
<testsuite skipped="0" hostname="DELL-2D26CVB" name="com.crmPRACTICE.CalenderAssignmentTest" tests="1" failures="0" timestamp="09 Mar 2022 18:24:37 GMT" time="99.190" errors="1">
  <testcase name="selectDateFromGoIbiboTest" time="99.190" classname="com.crmPRACTICE.CalenderAssignmentTest">
    <error type="org.openqa.selenium.WebDriverException" message="chrome not reachable
Build info: version: &#039;3.141.59&#039;, revision: &#039;e82be7d358&#039;, time: &#039;2018-11-14T08:17:03&#039;
System info: host: &#039;DELL-2D26CVB&#039;, ip: &#039;127.0.0.1&#039;, os.name: &#039;Windows 10&#039;, os.arch: &#039;amd64&#039;, os.version: &#039;10.0&#039;, java.version: &#039;1.8.0_291&#039;
Driver info: driver.version: ChromeDriver
remote stacktrace: Backtrace:
	Ordinal0 [0x005E69A3+2582947]
	Ordinal0 [0x0057A6D1+2139857]
	Ordinal0 [0x00473960+1063264]
	Ordinal0 [0x00467FAE+1015726]
	Ordinal0 [0x00492D7C+1191292]
	Ordinal0 [0x0048F235+1176117]
	Ordinal0 [0x0048C9E1+1165793]
	Ordinal0 [0x004BCFFF+1363967]
	Ordinal0 [0x004BCC2A+1362986]
	Ordinal0 [0x004B8366+1344358]
	Ordinal0 [0x00495176+1200502]
	Ordinal0 [0x00496066+1204326]
	GetHandleVerifier [0x0078BE02+1675858]
	GetHandleVerifier [0x0084036C+2414524]
	GetHandleVerifier [0x0067BB01+560977]
	GetHandleVerifier [0x0067A8D3+556323]
	Ordinal0 [0x0058020E+2163214]
	Ordinal0 [0x00585078+2183288]
	Ordinal0 [0x005851C0+2183616]
	Ordinal0 [0x0058EE1C+2223644]
	BaseThreadInitThunk [0x76F6FA29+25]
	RtlGetAppContainerNamedObjectPath [0x77D87A9E+286]
	RtlGetAppContainerNamedObjectPath [0x77D87A6E+238]
">
      <![CDATA[org.openqa.selenium.WebDriverException: chrome not reachable
Build info: version: '3.141.59', revision: 'e82be7d358', time: '2018-11-14T08:17:03'
System info: host: 'DELL-2D26CVB', ip: '127.0.0.1', os.name: 'Windows 10', os.arch: 'amd64', os.version: '10.0', java.version: '1.8.0_291'
Driver info: driver.version: ChromeDriver
remote stacktrace: Backtrace:
Ordinal0 [0x005E69A3+2582947]
Ordinal0 [0x0057A6D1+2139857]
Ordinal0 [0x00473960+1063264]
Ordinal0 [0x00467FAE+1015726]
Ordinal0 [0x00492D7C+1191292]
Ordinal0 [0x0048F235+1176117]
Ordinal0 [0x0048C9E1+1165793]
Ordinal0 [0x004BCFFF+1363967]
Ordinal0 [0x004BCC2A+1362986]
Ordinal0 [0x004B8366+1344358]
Ordinal0 [0x00495176+1200502]
Ordinal0 [0x00496066+1204326]
GetHandleVerifier [0x0078BE02+1675858]
GetHandleVerifier [0x0084036C+2414524]
GetHandleVerifier [0x0067BB01+560977]
GetHandleVerifier [0x0067A8D3+556323]
Ordinal0 [0x0058020E+2163214]
Ordinal0 [0x00585078+2183288]
Ordinal0 [0x005851C0+2183616]
Ordinal0 [0x0058EE1C+2223644]
BaseThreadInitThunk [0x76F6FA29+25]
RtlGetAppContainerNamedObjectPath [0x77D87A9E+286]
RtlGetAppContainerNamedObjectPath [0x77D87A6E+238]

at sun.reflect.NativeConstructorAccessorImpl.newInstance0(Native Method)
at sun.reflect.NativeConstructorAccessorImpl.newInstance(NativeConstructorAccessorImpl.java:62)
at sun.reflect.DelegatingConstructorAccessorImpl.newInstance(DelegatingConstructorAccessorImpl.java:45)
at java.lang.reflect.Constructor.newInstance(Constructor.java:423)
at org.openqa.selenium.remote.W3CHandshakeResponse.lambda$errorHandler$0(W3CHandshakeResponse.java:62)
at org.openqa.selenium.remote.HandshakeResponse.lambda$getResponseFunction$0(HandshakeResponse.java:30)
at org.openqa.selenium.remote.ProtocolHandshake.lambda$createSession$0(ProtocolHandshake.java:126)
at java.util.stream.ReferencePipeline$3$1.accept(ReferencePipeline.java:193)
at java.util.Spliterators$ArraySpliterator.tryAdvance(Spliterators.java:958)
at java.util.stream.ReferencePipeline.forEachWithCancel(ReferencePipeline.java:126)
at java.util.stream.AbstractPipeline.copyIntoWithCancel(AbstractPipeline.java:499)
at java.util.stream.AbstractPipeline.copyInto(AbstractPipeline.java:486)
at java.util.stream.AbstractPipeline.wrapAndCopyInto(AbstractPipeline.java:472)
at java.util.stream.FindOps$FindOp.evaluateSequential(FindOps.java:152)
at java.util.stream.AbstractPipeline.evaluate(AbstractPipeline.java:234)
at java.util.stream.ReferencePipeline.findFirst(ReferencePipeline.java:464)
at org.openqa.selenium.remote.ProtocolHandshake.createSession(ProtocolHandshake.java:128)
at org.openqa.selenium.remote.ProtocolHandshake.createSession(ProtocolHandshake.java:74)
at org.openqa.selenium.remote.HttpCommandExecutor.execute(HttpCommandExecutor.java:136)
at org.openqa.selenium.remote.service.DriverCommandExecutor.execute(DriverCommandExecutor.java:83)
at org.openqa.selenium.remote.RemoteWebDriver.execute(RemoteWebDriver.java:552)
at org.openqa.selenium.remote.RemoteWebDriver.startSession(RemoteWebDriver.java:213)
at org.openqa.selenium.remote.RemoteWebDriver.<init>(RemoteWebDriver.java:131)
at org.openqa.selenium.chrome.ChromeDriver.<init>(ChromeDriver.java:181)
at org.openqa.selenium.chrome.ChromeDriver.<init>(ChromeDriver.java:168)
at org.openqa.selenium.chrome.ChromeDriver.<init>(ChromeDriver.java:123)
at com.crmPRACTICE.CalenderAssignmentTest.selectDateFromGoIbiboTest(CalenderAssignmentTest.java:18)
at sun.reflect.NativeMethodAccessorImpl.invoke0(Native Method)
at sun.reflect.NativeMethodAccessorImpl.invoke(NativeMethodAccessorImpl.java:62)
at sun.reflect.DelegatingMethodAccessorImpl.invoke(DelegatingMethodAccessorImpl.java:43)
at java.lang.reflect.Method.invoke(Method.java:498)
at org.testng.internal.MethodInvocationHelper.invokeMethod(MethodInvocationHelper.java:124)
at org.testng.internal.Invoker.invokeMethod(Invoker.java:583)
at org.testng.internal.Invoker.invokeTestMethod(Invoker.java:719)
at org.testng.internal.Invoker.invokeTestMethods(Invoker.java:989)
at org.testng.internal.TestMethodWorker.invokeTestMethods(TestMethodWorker.java:125)
at org.testng.internal.TestMethodWorker.run(TestMethodWorker.java:109)
at org.testng.TestRunner.privateRun(TestRunner.java:648)
at org.testng.TestRunner.run(TestRunner.java:505)
at org.testng.SuiteRunner.runTest(SuiteRunner.java:455)
at org.testng.SuiteRunner.runSequentially(SuiteRunner.java:450)
at org.testng.SuiteRunner.privateRun(SuiteRunner.java:415)
at org.testng.SuiteRunner.run(SuiteRunner.java:364)
at org.testng.SuiteRunnerWorker.runSuite(SuiteRunnerWorker.java:52)
at org.testng.SuiteRunnerWorker.run(SuiteRunnerWorker.java:84)
at org.testng.TestNG.runSuitesSequentially(TestNG.java:1208)
at org.testng.TestNG.runSuitesLocally(TestNG.java:1137)
at org.testng.TestNG.runSuites(TestNG.java:1049)
at org.testng.TestNG.run(TestNG.java:1017)
at org.testng.remote.AbstractRemoteTestNG.run(AbstractRemoteTestNG.java:114)
at org.testng.remote.RemoteTestNG.initAndRun(RemoteTestNG.java:251)
at org.testng.remote.RemoteTestNG.main(RemoteTestNG.java:77)
]]>
    </error>
  </testcase> <!-- selectDateFromGoIbiboTest -->
</testsuite> <!-- com.crmPRACTICE.CalenderAssignmentTest -->
